This is TeX, Version 3.14159265 (MiKTeX 2.9.7250 64-bit) (preloaded format=tex 2020.1.13)  13 JAN 2020 17:20
**./geometry.dtx
(geometry.dtx
("C:\Users\Rosimari\AppData\Local\Programs\MiKTeX 2.9\tex/latex/base\docstrip.t
ex"
\blockLevel=\count26
\emptyLines=\count27
\processedLines=\count28
\commentsRemoved=\count29
\commentsPassed=\count30
\codeLinesPassed=\count31
\TotalprocessedLines=\count32
\TotalcommentsRemoved=\count33
\TotalcommentsPassed=\count34
\TotalcodeLinesPassed=\count35
\NumberOfFiles=\count36
\inFile=\read0
\inputcheck=\read1
\@tempcnta=\count37
\off@0=\count38
\off@1=\count39
\off@2=\count40
\off@3=\count41
\off@4=\count42
\off@5=\count43
\off@6=\count44
\off@7=\count45
\off@8=\count46
\off@9=\count47
\off@10=\count48
\off@11=\count49
\off@12=\count50
\off@13=\count51
\off@14=\count52
\off@15=\count53
\@temptokena=\toks12
\@maxfiles=\count54
\@maxoutfiles=\count55

Utility: `docstrip' 2.5g <2018/05/03>
English documentation    <2018/05/03>

**********************************************************
* This program converts documented macro-files into fast *
* loadable files by stripping off (nearly) all comments! *
**********************************************************

********************************************************
* No Configuration file found, using default settings. *
********************************************************

)
************************************************************************
* Installation
* Package: geometry 2020/01/02 v5.9 Page Geometry
************************************************************************

Generating file(s) geometry.ins geometry.drv geometry.sty geometry.cfg geometry
-samples.tex 
\openout0 = `geometry.ins'.

\openout1 = `geometry.drv'.

\openout2 = `geometry.sty'.

\openout3 = `geometry.cfg'.

\openout4 = `geometry-samples.tex'.


Processing file geometry.dtx (install) -> geometry.ins
                             (driver) -> geometry.drv
                             (package) -> geometry.sty
                             (config) -> geometry.cfg
                             (samples) -> geometry-samples.tex
File geometry.dtx ended by \endinput.
Lines  processed: 3812
Comments removed: 2590
Comments  passed: 0
Codelines passed: 1203

************************************************************************
*
* To finish the installation you have to move the following
* file into a directory searched by LaTeX:
*
*    geometry.sty
*
* To produce the documentation run the file `geometry.drv'
* through LaTeX.
*
* Happy TeXing!
*
************************************************************************
 )
No pages of output.
